############ mine_lpl (closure+1) ############
[audit] closure 1773 -> +1 5734 hosts
head-max pieces=64635  (S,C) tests=3454441  LPL violations=542817
  S=(4,0)(4,0)(4,0)(3,0)(4,0)  C=[1:5]
   NTS=D0(D0(0))
   NTC=D0(D0(0))
  S=(4,0)(4,0)(4,0)(3,0)(4,0)  C=[2:5]
   NTS=D0(D0(0))
   NTC=D0(D0(0))
  S=(4,0)(4,0)(4,0)(3,0)(4,0)  C=[3:5]
   NTS=D0(D0(0))
   NTC=D0(D0(0))
  S=(4,0)(4,0)(4,0)(3,0)(4,0)(4,0)  C=[1:6]
   NTS=D0(D0(0)+D0(0))
   NTC=D0(D0(0)+D0(0))
  S=(4,0)(4,0)(4,0)(3,0)(4,0)(4,0)  C=[2:6]
   NTS=D0(D0(0)+D0(0))
   NTC=D0(D0(0)+D0(0))
  S=(4,0)(4,0)(4,0)(3,0)(4,0)(4,0)  C=[3:6]
   NTS=D0(D0(0)+D0(0))
   NTC=D0(D0(0)+D0(0))

############ mine_nbc (closure+1) ############
[audit] closure 1773 -> +1 5734 hosts
fire base pairs=14217  ancestor-run-to-end FAIL=0
msfx single-tree=14055  multi-tree=162

############ mine_seam (closure+1) ############
[audit] closure 2264 -> +1 7382 hosts
same-cut both-fire positions: 5511  INV-fail: 0  INV2-fail: 0

############ mine_fire5 (closure+1) ############
[audit] closure 2264 -> +1 7382 hosts
S-side fires=5521 E6-bad=0   SQ-side fires=5626 E6-bad=0
both-fire=5521: q-cut=10 (proj-leaf=10)  same-cut=5511 (msfx-append-fail=0)

############ mine_master (closure+1) ############
[audit] closure 2264 -> +1 7382 hosts
class segments: 61380
V1 absorb/hd-fail: 0
V2 criterion(host u) fail: 0
V3 criterion(all u) fail: 12095
V4 q-cut not-last-col: 0
V5 iii-shape fail: 0
 V3: ([(2, 1), (3, 0), (4, 1), (5, 1), (5, 1), (5, 0), (6, 1), (7, 1), (7, 0), (8, 1), (9, 0), (10, 1), (11, 0)], 0, True)
 V3: ([(2, 1), (3, 0), (4, 1), (5, 1), (5, 1), (5, 0), (6, 1), (7, 1), (7, 0), (8, 1), (9, 0), (10, 1), (11, 0), (12, 1)], 0, True)
 V3: ([(5, 1), (5, 1), (5, 0), (6, 1), (7, 1), (7, 0), (8, 1), (9, 0), (10, 1), (11, 0)], 0, True)
 V3: ([(5, 1), (5, 1), (5, 0), (6, 1), (7, 1), (7, 0), (8, 1), (9, 0), (10, 1), (11, 0), (12, 1)], 0, True)

############ mine_ntdom (closure+1) ############
[audit] closure 1773 -> +1 5734 hosts
adjacent pairs: eq=19379 drop=0
subscript violations (snd c1 > snd c): 0
ties: 14497  tie-arg violations (olt A B1): 0
drop (dlevel, dsub) dist: {}

